2024-07-23 13:21:11,894 DEBUG    root            Loaded Command Group: ['gcloud', 'components']
2024-07-23 13:21:11,896 DEBUG    root            Loaded Command Group: ['gcloud', 'components', 'update']
2024-07-23 13:21:11,899 DEBUG    root            Running [gcloud.components.update] with arguments: [--quiet: "True", COMPONENT-IDS:8: "['gcloud', 'core', 'bq', 'gsutil', 'compute', 'preview', 'alpha', 'beta']"]
2024-07-23 13:21:11,900 INFO     ___FILE_ONLY___ Beginning update. This process may take several minutes.

2024-07-23 13:21:11,909 DEBUG    urllib3.connectionpool Starting new HTTPS connection (1): dl.google.com:443
2024-07-23 13:21:12,029 DEBUG    urllib3.connectionpool https://dl.google.com:443 "GET /dl/cloudsdk/channels/rapid/components-2.json HTTP/1.1" 200 223375
2024-07-23 13:21:12,047 WARNING  root            Component [compute] no longer exists.
2024-07-23 13:21:12,048 WARNING  root            Component [preview] no longer exists.
2024-07-23 13:21:12,048 INFO     ___FILE_ONLY___ 

2024-07-23 13:21:12,049 INFO     ___FILE_ONLY___ 
Your current Google Cloud CLI version is: 484.0.0

2024-07-23 13:21:12,049 INFO     ___FILE_ONLY___ Installing components from version: 484.0.0

2024-07-23 13:21:12,049 INFO     ___FILE_ONLY___ 

2024-07-23 13:21:12,049 DEBUG    root            Chosen display Format:table[box,title="These components will be removed."](details.display_name:label=Name:align=left,version.version_string:label=Version:align=right,data.size.size(zero="",min=1048576):label=Size:align=right)
2024-07-23 13:21:12,050 DEBUG    root            Chosen display Format:table[box,title="These components will be updated."](details.display_name:label=Name:align=left,version.version_string:label=Version:align=right,data.size.size(zero="",min=1048576):label=Size:align=right)
2024-07-23 13:21:12,050 DEBUG    root            Chosen display Format:table[box,title="These components will be installed."](details.display_name:label=Name:align=left,version.version_string:label=Version:align=right,data.size.size(zero="",min=1048576):label=Size:align=right)
2024-07-23 13:21:12,088 INFO     ___FILE_ONLY___ ┌──────────────────────────────────────────────┐
2024-07-23 13:21:12,089 INFO     ___FILE_ONLY___ 

2024-07-23 13:21:12,089 INFO     ___FILE_ONLY___ │     These components will be installed.      │
2024-07-23 13:21:12,089 INFO     ___FILE_ONLY___ 

2024-07-23 13:21:12,089 INFO     ___FILE_ONLY___ ├───────────────────────┬────────────┬─────────┤
2024-07-23 13:21:12,089 INFO     ___FILE_ONLY___ 

2024-07-23 13:21:12,089 INFO     ___FILE_ONLY___ │          Name         │  Version   │   Size  │
2024-07-23 13:21:12,089 INFO     ___FILE_ONLY___ 

2024-07-23 13:21:12,089 INFO     ___FILE_ONLY___ ├───────────────────────┼────────────┼─────────┤
2024-07-23 13:21:12,089 INFO     ___FILE_ONLY___ 

2024-07-23 13:21:12,089 INFO     ___FILE_ONLY___ │ 
2024-07-23 13:21:12,089 INFO     ___FILE_ONLY___ gcloud Alpha Commands
2024-07-23 13:21:12,089 INFO     ___FILE_ONLY___  
2024-07-23 13:21:12,089 INFO     ___FILE_ONLY___ │ 
2024-07-23 13:21:12,089 INFO     ___FILE_ONLY___ 2024.07.12
2024-07-23 13:21:12,089 INFO     ___FILE_ONLY___  
2024-07-23 13:21:12,090 INFO     ___FILE_ONLY___ │ 
2024-07-23 13:21:12,090 INFO     ___FILE_ONLY___ < 1 MiB
2024-07-23 13:21:12,090 INFO     ___FILE_ONLY___  
2024-07-23 13:21:12,090 INFO     ___FILE_ONLY___ │
2024-07-23 13:21:12,090 INFO     ___FILE_ONLY___ 

2024-07-23 13:21:12,090 INFO     ___FILE_ONLY___ │ 
2024-07-23 13:21:12,090 INFO     ___FILE_ONLY___ gcloud Beta Commands 
2024-07-23 13:21:12,090 INFO     ___FILE_ONLY___  
2024-07-23 13:21:12,090 INFO     ___FILE_ONLY___ │ 
2024-07-23 13:21:12,090 INFO     ___FILE_ONLY___ 2024.07.12
2024-07-23 13:21:12,090 INFO     ___FILE_ONLY___  
2024-07-23 13:21:12,090 INFO     ___FILE_ONLY___ │ 
2024-07-23 13:21:12,090 INFO     ___FILE_ONLY___ < 1 MiB
2024-07-23 13:21:12,090 INFO     ___FILE_ONLY___  
2024-07-23 13:21:12,090 INFO     ___FILE_ONLY___ │
2024-07-23 13:21:12,090 INFO     ___FILE_ONLY___ 

2024-07-23 13:21:12,091 INFO     ___FILE_ONLY___ └───────────────────────┴────────────┴─────────┘
2024-07-23 13:21:12,091 INFO     ___FILE_ONLY___ 

2024-07-23 13:21:12,091 INFO     ___FILE_ONLY___ 

2024-07-23 13:21:12,095 DEBUG    urllib3.connectionpool Starting new HTTPS connection (1): dl.google.com:443
2024-07-23 13:21:12,211 DEBUG    urllib3.connectionpool https://dl.google.com:443 "GET /dl/cloudsdk/channels/rapid/RELEASE_NOTES HTTP/1.1" 200 1243506
2024-07-23 13:21:12,245 INFO     ___FILE_ONLY___ For the latest full release notes, please visit:
  https://cloud.google.com/sdk/release_notes


2024-07-23 13:21:12,246 INFO     ___FILE_ONLY___ Performing in place update...


2024-07-23 13:21:12,247 INFO     ___FILE_ONLY___ ╔════════════════════════════════════════════════════════════╗

2024-07-23 13:21:12,248 INFO     ___FILE_ONLY___ ╠═ Downloading: gcloud Alpha Commands                       ═╣

2024-07-23 13:21:12,248 INFO     ___FILE_ONLY___ ╚
2024-07-23 13:21:12,251 DEBUG    urllib3.connectionpool Starting new HTTPS connection (1): dl.google.com:443
2024-07-23 13:21:12,365 DEBUG    urllib3.connectionpool https://dl.google.com:443 "GET /dl/cloudsdk/channels/rapid/components/google-cloud-sdk-alpha-20240712142834.tar.gz HTTP/1.1" 200 800
2024-07-23 13:21:12,366 INFO     ___FILE_ONLY___ ════════════════════════════════════════════════════════════
2024-07-23 13:21:12,366 INFO     ___FILE_ONLY___ ╝

2024-07-23 13:21:12,368 INFO     ___FILE_ONLY___ ╔════════════════════════════════════════════════════════════╗

2024-07-23 13:21:12,368 INFO     ___FILE_ONLY___ ╠═ Downloading: gcloud Beta Commands                        ═╣

2024-07-23 13:21:12,368 INFO     ___FILE_ONLY___ ╚
2024-07-23 13:21:12,373 DEBUG    urllib3.connectionpool Starting new HTTPS connection (1): dl.google.com:443
2024-07-23 13:21:12,491 DEBUG    urllib3.connectionpool https://dl.google.com:443 "GET /dl/cloudsdk/channels/rapid/components/google-cloud-sdk-beta-20240712142834.tar.gz HTTP/1.1" 200 797
2024-07-23 13:21:12,492 INFO     ___FILE_ONLY___ ════════════════════════════════════════════════════════════
2024-07-23 13:21:12,492 INFO     ___FILE_ONLY___ ╝

2024-07-23 13:21:12,494 INFO     ___FILE_ONLY___ ╔════════════════════════════════════════════════════════════╗

2024-07-23 13:21:12,494 INFO     ___FILE_ONLY___ ╠═ Installing: gcloud Alpha Commands                        ═╣

2024-07-23 13:21:12,494 INFO     ___FILE_ONLY___ ╚
2024-07-23 13:21:12,495 INFO     ___FILE_ONLY___ ════════════════════════════════════════════════════════════
2024-07-23 13:21:12,496 INFO     ___FILE_ONLY___ ╝

2024-07-23 13:21:12,502 INFO     ___FILE_ONLY___ ╔════════════════════════════════════════════════════════════╗

2024-07-23 13:21:12,502 INFO     ___FILE_ONLY___ ╠═ Installing: gcloud Beta Commands                         ═╣

2024-07-23 13:21:12,502 INFO     ___FILE_ONLY___ ╚
2024-07-23 13:21:12,503 INFO     ___FILE_ONLY___ ════════════════════════════════════════════════════════════
2024-07-23 13:21:12,503 INFO     ___FILE_ONLY___ ╝

2024-07-23 13:21:12,511 DEBUG    root            Updating notification cache...
2024-07-23 13:21:12,511 INFO     ___FILE_ONLY___ 

2024-07-23 13:21:12,513 INFO     ___FILE_ONLY___ Performing post processing steps...
2024-07-23 13:21:12,513 DEBUG    root            Executing command: ['/tools/google-cloud-sdk/bin/gcloud', 'components', 'post-process']
2024-07-23 13:21:22,029 DEBUG    ___FILE_ONLY___ 
2024-07-23 13:21:22,030 DEBUG    ___FILE_ONLY___ 
2024-07-23 13:21:22,276 INFO     ___FILE_ONLY___ 
Update done!


2024-07-23 13:21:22,279 DEBUG    root            Chosen display Format:none
2024-07-23 13:21:22,280 INFO     root            Display format: "none"
