2024-07-23 13:20:53,331 DEBUG    root            Loaded Command Group: ['gcloud', 'components']
2024-07-23 13:20:53,335 DEBUG    root            Loaded Command Group: ['gcloud', 'components', 'update']
2024-07-23 13:20:53,337 DEBUG    root            Running [gcloud.components.update] with arguments: [--allow-no-backup: "True", --compile-python: "True", --quiet: "True", COMPONENT-IDS:6: "['core', 'gcloud-deps', 'bq', 'gcloud', 'gcloud-crc32c', 'gsutil']"]
2024-07-23 13:20:53,338 INFO     ___FILE_ONLY___ Beginning update. This process may take several minutes.

2024-07-23 13:20:53,369 DEBUG    urllib3.connectionpool Starting new HTTPS connection (1): dl.google.com:443
2024-07-23 13:20:53,484 DEBUG    urllib3.connectionpool https://dl.google.com:443 "GET /dl/cloudsdk/channels/rapid/components-2.json HTTP/1.1" 200 223375
2024-07-23 13:20:53,501 INFO     ___FILE_ONLY___ 

2024-07-23 13:20:53,501 INFO     ___FILE_ONLY___ 
Your current Google Cloud CLI version is: 484.0.0

2024-07-23 13:20:53,502 INFO     ___FILE_ONLY___ Installing components from version: 484.0.0

2024-07-23 13:20:53,502 INFO     ___FILE_ONLY___ 

2024-07-23 13:20:53,502 DEBUG    root            Chosen display Format:table[box,title="These components will be removed."](details.display_name:label=Name:align=left,version.version_string:label=Version:align=right,data.size.size(zero="",min=1048576):label=Size:align=right)
2024-07-23 13:20:53,503 DEBUG    root            Chosen display Format:table[box,title="These components will be updated."](details.display_name:label=Name:align=left,version.version_string:label=Version:align=right,data.size.size(zero="",min=1048576):label=Size:align=right)
2024-07-23 13:20:53,503 DEBUG    root            Chosen display Format:table[box,title="These components will be installed."](details.display_name:label=Name:align=left,version.version_string:label=Version:align=right,data.size.size(zero="",min=1048576):label=Size:align=right)
2024-07-23 13:20:53,638 INFO     ___FILE_ONLY___ ┌─────────────────────────────────────────────────────────────────────────────┐
2024-07-23 13:20:53,639 INFO     ___FILE_ONLY___ 

2024-07-23 13:20:53,639 INFO     ___FILE_ONLY___ │                     These components will be installed.                     │
2024-07-23 13:20:53,639 INFO     ___FILE_ONLY___ 

2024-07-23 13:20:53,639 INFO     ___FILE_ONLY___ ├─────────────────────────────────────────────────────┬────────────┬──────────┤
2024-07-23 13:20:53,639 INFO     ___FILE_ONLY___ 

2024-07-23 13:20:53,639 INFO     ___FILE_ONLY___ │                         Name                        │  Version   │   Size   │
2024-07-23 13:20:53,639 INFO     ___FILE_ONLY___ 

2024-07-23 13:20:53,639 INFO     ___FILE_ONLY___ ├─────────────────────────────────────────────────────┼────────────┼──────────┤
2024-07-23 13:20:53,639 INFO     ___FILE_ONLY___ 

2024-07-23 13:20:53,639 INFO     ___FILE_ONLY___ │ 
2024-07-23 13:20:53,639 INFO     ___FILE_ONLY___ BigQuery Command Line Tool                         
2024-07-23 13:20:53,639 INFO     ___FILE_ONLY___  
2024-07-23 13:20:53,639 INFO     ___FILE_ONLY___ │ 
2024-07-23 13:20:53,639 INFO     ___FILE_ONLY___      2.1.7
2024-07-23 13:20:53,640 INFO     ___FILE_ONLY___  
2024-07-23 13:20:53,640 INFO     ___FILE_ONLY___ │ 
2024-07-23 13:20:53,640 INFO     ___FILE_ONLY___  1.7 MiB
2024-07-23 13:20:53,640 INFO     ___FILE_ONLY___  
2024-07-23 13:20:53,640 INFO     ___FILE_ONLY___ │
2024-07-23 13:20:53,640 INFO     ___FILE_ONLY___ 

2024-07-23 13:20:53,640 INFO     ___FILE_ONLY___ │ 
2024-07-23 13:20:53,640 INFO     ___FILE_ONLY___ BigQuery Command Line Tool (Platform Specific)     
2024-07-23 13:20:53,640 INFO     ___FILE_ONLY___  
2024-07-23 13:20:53,640 INFO     ___FILE_ONLY___ │ 
2024-07-23 13:20:53,640 INFO     ___FILE_ONLY___    2.0.101
2024-07-23 13:20:53,640 INFO     ___FILE_ONLY___  
2024-07-23 13:20:53,640 INFO     ___FILE_ONLY___ │ 
2024-07-23 13:20:53,640 INFO     ___FILE_ONLY___  < 1 MiB
2024-07-23 13:20:53,640 INFO     ___FILE_ONLY___  
2024-07-23 13:20:53,640 INFO     ___FILE_ONLY___ │
2024-07-23 13:20:53,641 INFO     ___FILE_ONLY___ 

2024-07-23 13:20:53,641 INFO     ___FILE_ONLY___ │ 
2024-07-23 13:20:53,641 INFO     ___FILE_ONLY___ Bundled Python 3.11 (Platform Specific)            
2024-07-23 13:20:53,641 INFO     ___FILE_ONLY___  
2024-07-23 13:20:53,641 INFO     ___FILE_ONLY___ │ 
2024-07-23 13:20:53,641 INFO     ___FILE_ONLY___     3.11.8
2024-07-23 13:20:53,641 INFO     ___FILE_ONLY___  
2024-07-23 13:20:53,641 INFO     ___FILE_ONLY___ │ 
2024-07-23 13:20:53,641 INFO     ___FILE_ONLY___ 74.0 MiB
2024-07-23 13:20:53,641 INFO     ___FILE_ONLY___  
2024-07-23 13:20:53,641 INFO     ___FILE_ONLY___ │
2024-07-23 13:20:53,641 INFO     ___FILE_ONLY___ 

2024-07-23 13:20:53,641 INFO     ___FILE_ONLY___ │ 
2024-07-23 13:20:53,641 INFO     ___FILE_ONLY___ Cloud Storage Command Line Tool                    
2024-07-23 13:20:53,641 INFO     ___FILE_ONLY___  
2024-07-23 13:20:53,641 INFO     ___FILE_ONLY___ │ 
2024-07-23 13:20:53,642 INFO     ___FILE_ONLY___       5.30
2024-07-23 13:20:53,642 INFO     ___FILE_ONLY___  
2024-07-23 13:20:53,642 INFO     ___FILE_ONLY___ │ 
2024-07-23 13:20:53,642 INFO     ___FILE_ONLY___ 11.3 MiB
2024-07-23 13:20:53,642 INFO     ___FILE_ONLY___  
2024-07-23 13:20:53,642 INFO     ___FILE_ONLY___ │
2024-07-23 13:20:53,642 INFO     ___FILE_ONLY___ 

2024-07-23 13:20:53,642 INFO     ___FILE_ONLY___ │ 
2024-07-23 13:20:53,642 INFO     ___FILE_ONLY___ Cloud Storage Command Line Tool (Platform Specific)
2024-07-23 13:20:53,642 INFO     ___FILE_ONLY___  
2024-07-23 13:20:53,642 INFO     ___FILE_ONLY___ │ 
2024-07-23 13:20:53,642 INFO     ___FILE_ONLY___       5.27
2024-07-23 13:20:53,642 INFO     ___FILE_ONLY___  
2024-07-23 13:20:53,643 INFO     ___FILE_ONLY___ │ 
2024-07-23 13:20:53,643 INFO     ___FILE_ONLY___  < 1 MiB
2024-07-23 13:20:53,643 INFO     ___FILE_ONLY___  
2024-07-23 13:20:53,643 INFO     ___FILE_ONLY___ │
2024-07-23 13:20:53,643 INFO     ___FILE_ONLY___ 

2024-07-23 13:20:53,643 INFO     ___FILE_ONLY___ │ 
2024-07-23 13:20:53,643 INFO     ___FILE_ONLY___ Google Cloud CLI Core Libraries (Platform Specific)
2024-07-23 13:20:53,643 INFO     ___FILE_ONLY___  
2024-07-23 13:20:53,643 INFO     ___FILE_ONLY___ │ 
2024-07-23 13:20:53,643 INFO     ___FILE_ONLY___ 2024.01.06
2024-07-23 13:20:53,643 INFO     ___FILE_ONLY___  
2024-07-23 13:20:53,643 INFO     ___FILE_ONLY___ │ 
2024-07-23 13:20:53,643 INFO     ___FILE_ONLY___  < 1 MiB
2024-07-23 13:20:53,643 INFO     ___FILE_ONLY___  
2024-07-23 13:20:53,644 INFO     ___FILE_ONLY___ │
2024-07-23 13:20:53,644 INFO     ___FILE_ONLY___ 

2024-07-23 13:20:53,644 INFO     ___FILE_ONLY___ │ 
2024-07-23 13:20:53,644 INFO     ___FILE_ONLY___ Google Cloud CRC32C Hash Tool (Platform Specific)  
2024-07-23 13:20:53,644 INFO     ___FILE_ONLY___  
2024-07-23 13:20:53,644 INFO     ___FILE_ONLY___ │ 
2024-07-23 13:20:53,644 INFO     ___FILE_ONLY___      1.0.0
2024-07-23 13:20:53,644 INFO     ___FILE_ONLY___  
2024-07-23 13:20:53,644 INFO     ___FILE_ONLY___ │ 
2024-07-23 13:20:53,644 INFO     ___FILE_ONLY___  1.3 MiB
2024-07-23 13:20:53,644 INFO     ___FILE_ONLY___  
2024-07-23 13:20:53,644 INFO     ___FILE_ONLY___ │
2024-07-23 13:20:53,644 INFO     ___FILE_ONLY___ 

2024-07-23 13:20:53,645 INFO     ___FILE_ONLY___ │ 
2024-07-23 13:20:53,645 INFO     ___FILE_ONLY___ gcloud cli dependencies (Platform Specific)        
2024-07-23 13:20:53,645 INFO     ___FILE_ONLY___  
2024-07-23 13:20:53,645 INFO     ___FILE_ONLY___ │ 
2024-07-23 13:20:53,645 INFO     ___FILE_ONLY___ 2021.04.16
2024-07-23 13:20:53,645 INFO     ___FILE_ONLY___  
2024-07-23 13:20:53,645 INFO     ___FILE_ONLY___ │ 
2024-07-23 13:20:53,645 INFO     ___FILE_ONLY___  < 1 MiB
2024-07-23 13:20:53,645 INFO     ___FILE_ONLY___  
2024-07-23 13:20:53,645 INFO     ___FILE_ONLY___ │
2024-07-23 13:20:53,645 INFO     ___FILE_ONLY___ 

2024-07-23 13:20:53,645 INFO     ___FILE_ONLY___ └─────────────────────────────────────────────────────┴────────────┴──────────┘
2024-07-23 13:20:53,645 INFO     ___FILE_ONLY___ 

2024-07-23 13:20:53,645 INFO     ___FILE_ONLY___ 

2024-07-23 13:20:53,650 DEBUG    urllib3.connectionpool Starting new HTTPS connection (1): dl.google.com:443
2024-07-23 13:20:53,721 DEBUG    urllib3.connectionpool https://dl.google.com:443 "GET /dl/cloudsdk/channels/rapid/RELEASE_NOTES HTTP/1.1" 200 1243506
2024-07-23 13:20:53,754 INFO     ___FILE_ONLY___ For the latest full release notes, please visit:
  https://cloud.google.com/sdk/release_notes


2024-07-23 13:20:53,754 INFO     ___FILE_ONLY___ Performing in place update...


2024-07-23 13:20:53,756 INFO     ___FILE_ONLY___ ╔════════════════════════════════════════════════════════════╗

2024-07-23 13:20:53,757 INFO     ___FILE_ONLY___ ╠═ Downloading: BigQuery Command Line Tool                  ═╣

2024-07-23 13:20:53,757 INFO     ___FILE_ONLY___ ╚
2024-07-23 13:20:53,762 DEBUG    urllib3.connectionpool Starting new HTTPS connection (1): dl.google.com:443
2024-07-23 13:20:53,878 DEBUG    urllib3.connectionpool https://dl.google.com:443 "GET /dl/cloudsdk/channels/rapid/components/google-cloud-sdk-bq-20240712142834.tar.gz HTTP/1.1" 200 1808321
2024-07-23 13:20:53,889 INFO     ___FILE_ONLY___ ═
2024-07-23 13:20:53,889 INFO     ___FILE_ONLY___ ═
2024-07-23 13:20:53,889 INFO     ___FILE_ONLY___ ═
2024-07-23 13:20:53,889 INFO     ___FILE_ONLY___ ═
2024-07-23 13:20:53,889 INFO     ___FILE_ONLY___ ═
2024-07-23 13:20:53,889 INFO     ___FILE_ONLY___ ═
2024-07-23 13:20:53,889 INFO     ___FILE_ONLY___ ═
2024-07-23 13:20:53,890 INFO     ___FILE_ONLY___ ═
2024-07-23 13:20:53,890 INFO     ___FILE_ONLY___ ═
2024-07-23 13:20:53,890 INFO     ___FILE_ONLY___ ═
2024-07-23 13:20:53,890 INFO     ___FILE_ONLY___ ═
2024-07-23 13:20:53,890 INFO     ___FILE_ONLY___ ═
2024-07-23 13:20:53,890 INFO     ___FILE_ONLY___ ═
2024-07-23 13:20:53,890 INFO     ___FILE_ONLY___ ═
2024-07-23 13:20:53,890 INFO     ___FILE_ONLY___ ═
2024-07-23 13:20:53,890 INFO     ___FILE_ONLY___ ═
2024-07-23 13:20:53,890 INFO     ___FILE_ONLY___ ═
2024-07-23 13:20:53,891 INFO     ___FILE_ONLY___ ═
2024-07-23 13:20:53,891 INFO     ___FILE_ONLY___ ═
2024-07-23 13:20:53,891 INFO     ___FILE_ONLY___ ═
2024-07-23 13:20:53,891 INFO     ___FILE_ONLY___ ═
2024-07-23 13:20:53,891 INFO     ___FILE_ONLY___ ═
2024-07-23 13:20:53,891 INFO     ___FILE_ONLY___ ═
2024-07-23 13:20:53,891 INFO     ___FILE_ONLY___ ═
2024-07-23 13:20:53,891 INFO     ___FILE_ONLY___ ═
2024-07-23 13:20:53,891 INFO     ___FILE_ONLY___ ═
2024-07-23 13:20:53,891 INFO     ___FILE_ONLY___ ═
2024-07-23 13:20:53,891 INFO     ___FILE_ONLY___ ═
2024-07-23 13:20:53,892 INFO     ___FILE_ONLY___ ═
2024-07-23 13:20:53,892 INFO     ___FILE_ONLY___ ═
2024-07-23 13:20:53,892 INFO     ___FILE_ONLY___ ═
2024-07-23 13:20:53,892 INFO     ___FILE_ONLY___ ═
2024-07-23 13:20:53,892 INFO     ___FILE_ONLY___ ═
2024-07-23 13:20:53,892 INFO     ___FILE_ONLY___ ═
2024-07-23 13:20:53,892 INFO     ___FILE_ONLY___ ═
2024-07-23 13:20:53,892 INFO     ___FILE_ONLY___ ═
2024-07-23 13:20:53,892 INFO     ___FILE_ONLY___ ═
2024-07-23 13:20:53,892 INFO     ___FILE_ONLY___ ═
2024-07-23 13:20:53,893 INFO     ___FILE_ONLY___ ═
2024-07-23 13:20:53,893 INFO     ___FILE_ONLY___ ═
2024-07-23 13:20:53,893 INFO     ___FILE_ONLY___ ═
2024-07-23 13:20:53,893 INFO     ___FILE_ONLY___ ═
2024-07-23 13:20:53,893 INFO     ___FILE_ONLY___ ═
2024-07-23 13:20:53,893 INFO     ___FILE_ONLY___ ═
2024-07-23 13:20:53,893 INFO     ___FILE_ONLY___ ═
2024-07-23 13:20:53,893 INFO     ___FILE_ONLY___ ═
2024-07-23 13:20:53,893 INFO     ___FILE_ONLY___ ═
2024-07-23 13:20:53,893 INFO     ___FILE_ONLY___ ═
2024-07-23 13:20:53,894 INFO     ___FILE_ONLY___ ═
2024-07-23 13:20:53,894 INFO     ___FILE_ONLY___ ═
2024-07-23 13:20:53,894 INFO     ___FILE_ONLY___ ═
2024-07-23 13:20:53,894 INFO     ___FILE_ONLY___ ═
2024-07-23 13:20:53,894 INFO     ___FILE_ONLY___ ═
2024-07-23 13:20:53,894 INFO     ___FILE_ONLY___ ═
2024-07-23 13:20:53,894 INFO     ___FILE_ONLY___ ═
2024-07-23 13:20:53,894 INFO     ___FILE_ONLY___ ═
2024-07-23 13:20:53,894 INFO     ___FILE_ONLY___ ═
2024-07-23 13:20:53,894 INFO     ___FILE_ONLY___ ═
2024-07-23 13:20:53,895 INFO     ___FILE_ONLY___ ═
2024-07-23 13:20:53,895 INFO     ___FILE_ONLY___ ═
2024-07-23 13:20:53,895 INFO     ___FILE_ONLY___ ╝

2024-07-23 13:20:53,897 INFO     ___FILE_ONLY___ ╔════════════════════════════════════════════════════════════╗

2024-07-23 13:20:53,897 INFO     ___FILE_ONLY___ ╠═ Downloading: BigQuery Command Line Tool (Platform Spe... ═╣

2024-07-23 13:20:53,897 INFO     ___FILE_ONLY___ ╚
2024-07-23 13:20:53,901 DEBUG    urllib3.connectionpool Starting new HTTPS connection (1): dl.google.com:443
2024-07-23 13:20:53,970 DEBUG    urllib3.connectionpool https://dl.google.com:443 "GET /dl/cloudsdk/channels/rapid/components/google-cloud-sdk-bq-nix-20240106004423.tar.gz HTTP/1.1" 200 2026
2024-07-23 13:20:53,971 INFO     ___FILE_ONLY___ ════════════════════════════════════════════════════════════
2024-07-23 13:20:53,971 INFO     ___FILE_ONLY___ ╝

2024-07-23 13:20:53,973 INFO     ___FILE_ONLY___ ╔════════════════════════════════════════════════════════════╗

2024-07-23 13:20:53,973 INFO     ___FILE_ONLY___ ╠═ Downloading: Bundled Python 3.11                         ═╣

2024-07-23 13:20:53,973 INFO     ___FILE_ONLY___ ╚
2024-07-23 13:20:53,973 INFO     ___FILE_ONLY___ ════════════════════════════════════════════════════════════
2024-07-23 13:20:53,973 INFO     ___FILE_ONLY___ ╝

2024-07-23 13:20:53,975 INFO     ___FILE_ONLY___ ╔════════════════════════════════════════════════════════════╗

2024-07-23 13:20:53,975 INFO     ___FILE_ONLY___ ╠═ Downloading: Bundled Python 3.11 (Platform Specific)     ═╣

2024-07-23 13:20:53,975 INFO     ___FILE_ONLY___ ╚
2024-07-23 13:20:53,979 DEBUG    urllib3.connectionpool Starting new HTTPS connection (1): dl.google.com:443
2024-07-23 13:20:54,096 DEBUG    urllib3.connectionpool https://dl.google.com:443 "GET /dl/cloudsdk/channels/rapid/components/google-cloud-sdk-bundled-python3-unix-linux-x86_64-20240712142834.tar.gz HTTP/1.1" 200 77646096
2024-07-23 13:20:54,353 INFO     ___FILE_ONLY___ ═
2024-07-23 13:20:54,355 INFO     ___FILE_ONLY___ ═
2024-07-23 13:20:54,356 INFO     ___FILE_ONLY___ ═
2024-07-23 13:20:54,358 INFO     ___FILE_ONLY___ ═
2024-07-23 13:20:54,359 INFO     ___FILE_ONLY___ ═
2024-07-23 13:20:54,361 INFO     ___FILE_ONLY___ ═
2024-07-23 13:20:54,362 INFO     ___FILE_ONLY___ ═
2024-07-23 13:20:54,363 INFO     ___FILE_ONLY___ ═
2024-07-23 13:20:54,365 INFO     ___FILE_ONLY___ ═
2024-07-23 13:20:54,366 INFO     ___FILE_ONLY___ ═
2024-07-23 13:20:54,368 INFO     ___FILE_ONLY___ ═
2024-07-23 13:20:54,369 INFO     ___FILE_ONLY___ ═
2024-07-23 13:20:54,370 INFO     ___FILE_ONLY___ ═
2024-07-23 13:20:54,372 INFO     ___FILE_ONLY___ ═
2024-07-23 13:20:54,373 INFO     ___FILE_ONLY___ ═
2024-07-23 13:20:54,374 INFO     ___FILE_ONLY___ ═
2024-07-23 13:20:54,376 INFO     ___FILE_ONLY___ ═
2024-07-23 13:20:54,377 INFO     ___FILE_ONLY___ ═
2024-07-23 13:20:54,379 INFO     ___FILE_ONLY___ ═
2024-07-23 13:20:54,380 INFO     ___FILE_ONLY___ ═
2024-07-23 13:20:54,381 INFO     ___FILE_ONLY___ ═
2024-07-23 13:20:54,383 INFO     ___FILE_ONLY___ ═
2024-07-23 13:20:54,384 INFO     ___FILE_ONLY___ ═
2024-07-23 13:20:54,386 INFO     ___FILE_ONLY___ ═
2024-07-23 13:20:54,387 INFO     ___FILE_ONLY___ ═
2024-07-23 13:20:54,388 INFO     ___FILE_ONLY___ ═
2024-07-23 13:20:54,390 INFO     ___FILE_ONLY___ ═
2024-07-23 13:20:54,391 INFO     ___FILE_ONLY___ ═
2024-07-23 13:20:54,392 INFO     ___FILE_ONLY___ ═
2024-07-23 13:20:54,394 INFO     ___FILE_ONLY___ ═
2024-07-23 13:20:54,395 INFO     ___FILE_ONLY___ ═
2024-07-23 13:20:54,396 INFO     ___FILE_ONLY___ ═
2024-07-23 13:20:54,398 INFO     ___FILE_ONLY___ ═
2024-07-23 13:20:54,399 INFO     ___FILE_ONLY___ ═
2024-07-23 13:20:54,401 INFO     ___FILE_ONLY___ ═
2024-07-23 13:20:54,402 INFO     ___FILE_ONLY___ ═
2024-07-23 13:20:54,403 INFO     ___FILE_ONLY___ ═
2024-07-23 13:20:54,405 INFO     ___FILE_ONLY___ ═
2024-07-23 13:20:54,406 INFO     ___FILE_ONLY___ ═
2024-07-23 13:20:54,407 INFO     ___FILE_ONLY___ ═
2024-07-23 13:20:54,409 INFO     ___FILE_ONLY___ ═
2024-07-23 13:20:54,410 INFO     ___FILE_ONLY___ ═
2024-07-23 13:20:54,411 INFO     ___FILE_ONLY___ ═
2024-07-23 13:20:54,413 INFO     ___FILE_ONLY___ ═
2024-07-23 13:20:54,414 INFO     ___FILE_ONLY___ ═
2024-07-23 13:20:54,416 INFO     ___FILE_ONLY___ ═
2024-07-23 13:20:54,417 INFO     ___FILE_ONLY___ ═
2024-07-23 13:20:54,418 INFO     ___FILE_ONLY___ ═
2024-07-23 13:20:54,420 INFO     ___FILE_ONLY___ ═
2024-07-23 13:20:54,421 INFO     ___FILE_ONLY___ ═
2024-07-23 13:20:54,422 INFO     ___FILE_ONLY___ ═
2024-07-23 13:20:54,424 INFO     ___FILE_ONLY___ ═
2024-07-23 13:20:54,425 INFO     ___FILE_ONLY___ ═
2024-07-23 13:20:54,427 INFO     ___FILE_ONLY___ ═
2024-07-23 13:20:54,428 INFO     ___FILE_ONLY___ ═
2024-07-23 13:20:54,429 INFO     ___FILE_ONLY___ ═
2024-07-23 13:20:54,431 INFO     ___FILE_ONLY___ ═
2024-07-23 13:20:54,432 INFO     ___FILE_ONLY___ ═
2024-07-23 13:20:54,433 INFO     ___FILE_ONLY___ ═
2024-07-23 13:20:54,435 INFO     ___FILE_ONLY___ ═
2024-07-23 13:20:54,435 INFO     ___FILE_ONLY___ ╝

2024-07-23 13:20:54,437 INFO     ___FILE_ONLY___ ╔════════════════════════════════════════════════════════════╗

2024-07-23 13:20:54,438 INFO     ___FILE_ONLY___ ╠═ Downloading: Cloud Storage Command Line Tool             ═╣

2024-07-23 13:20:54,438 INFO     ___FILE_ONLY___ ╚
2024-07-23 13:20:54,441 DEBUG    urllib3.connectionpool Starting new HTTPS connection (1): dl.google.com:443
2024-07-23 13:20:54,559 DEBUG    urllib3.connectionpool https://dl.google.com:443 "GET /dl/cloudsdk/channels/rapid/components/google-cloud-sdk-gsutil-20240614142823.tar.gz HTTP/1.1" 200 11883175
2024-07-23 13:20:54,597 INFO     ___FILE_ONLY___ ═
2024-07-23 13:20:54,597 INFO     ___FILE_ONLY___ ═
2024-07-23 13:20:54,598 INFO     ___FILE_ONLY___ ═
2024-07-23 13:20:54,598 INFO     ___FILE_ONLY___ ═
2024-07-23 13:20:54,598 INFO     ___FILE_ONLY___ ═
2024-07-23 13:20:54,598 INFO     ___FILE_ONLY___ ═
2024-07-23 13:20:54,599 INFO     ___FILE_ONLY___ ═
2024-07-23 13:20:54,599 INFO     ___FILE_ONLY___ ═
2024-07-23 13:20:54,599 INFO     ___FILE_ONLY___ ═
2024-07-23 13:20:54,600 INFO     ___FILE_ONLY___ ═
2024-07-23 13:20:54,600 INFO     ___FILE_ONLY___ ═
2024-07-23 13:20:54,600 INFO     ___FILE_ONLY___ ═
2024-07-23 13:20:54,600 INFO     ___FILE_ONLY___ ═
2024-07-23 13:20:54,601 INFO     ___FILE_ONLY___ ═
2024-07-23 13:20:54,601 INFO     ___FILE_ONLY___ ═
2024-07-23 13:20:54,601 INFO     ___FILE_ONLY___ ═
2024-07-23 13:20:54,602 INFO     ___FILE_ONLY___ ═
2024-07-23 13:20:54,602 INFO     ___FILE_ONLY___ ═
2024-07-23 13:20:54,602 INFO     ___FILE_ONLY___ ═
2024-07-23 13:20:54,602 INFO     ___FILE_ONLY___ ═
2024-07-23 13:20:54,603 INFO     ___FILE_ONLY___ ═
2024-07-23 13:20:54,603 INFO     ___FILE_ONLY___ ═
2024-07-23 13:20:54,603 INFO     ___FILE_ONLY___ ═
2024-07-23 13:20:54,603 INFO     ___FILE_ONLY___ ═
2024-07-23 13:20:54,604 INFO     ___FILE_ONLY___ ═
2024-07-23 13:20:54,604 INFO     ___FILE_ONLY___ ═
2024-07-23 13:20:54,604 INFO     ___FILE_ONLY___ ═
2024-07-23 13:20:54,605 INFO     ___FILE_ONLY___ ═
2024-07-23 13:20:54,605 INFO     ___FILE_ONLY___ ═
2024-07-23 13:20:54,605 INFO     ___FILE_ONLY___ ═
2024-07-23 13:20:54,605 INFO     ___FILE_ONLY___ ═
2024-07-23 13:20:54,606 INFO     ___FILE_ONLY___ ═
2024-07-23 13:20:54,606 INFO     ___FILE_ONLY___ ═
2024-07-23 13:20:54,606 INFO     ___FILE_ONLY___ ═
2024-07-23 13:20:54,606 INFO     ___FILE_ONLY___ ═
2024-07-23 13:20:54,607 INFO     ___FILE_ONLY___ ═
2024-07-23 13:20:54,607 INFO     ___FILE_ONLY___ ═
2024-07-23 13:20:54,607 INFO     ___FILE_ONLY___ ═
2024-07-23 13:20:54,608 INFO     ___FILE_ONLY___ ═
2024-07-23 13:20:54,608 INFO     ___FILE_ONLY___ ═
2024-07-23 13:20:54,608 INFO     ___FILE_ONLY___ ═
2024-07-23 13:20:54,608 INFO     ___FILE_ONLY___ ═
2024-07-23 13:20:54,609 INFO     ___FILE_ONLY___ ═
2024-07-23 13:20:54,609 INFO     ___FILE_ONLY___ ═
2024-07-23 13:20:54,609 INFO     ___FILE_ONLY___ ═
2024-07-23 13:20:54,610 INFO     ___FILE_ONLY___ ═
2024-07-23 13:20:54,610 INFO     ___FILE_ONLY___ ═
2024-07-23 13:20:54,610 INFO     ___FILE_ONLY___ ═
2024-07-23 13:20:54,610 INFO     ___FILE_ONLY___ ═
2024-07-23 13:20:54,611 INFO     ___FILE_ONLY___ ═
2024-07-23 13:20:54,611 INFO     ___FILE_ONLY___ ═
2024-07-23 13:20:54,611 INFO     ___FILE_ONLY___ ═
2024-07-23 13:20:54,612 INFO     ___FILE_ONLY___ ═
2024-07-23 13:20:54,612 INFO     ___FILE_ONLY___ ═
2024-07-23 13:20:54,612 INFO     ___FILE_ONLY___ ═
2024-07-23 13:20:54,612 INFO     ___FILE_ONLY___ ═
2024-07-23 13:20:54,613 INFO     ___FILE_ONLY___ ═
2024-07-23 13:20:54,613 INFO     ___FILE_ONLY___ ═
2024-07-23 13:20:54,613 INFO     ___FILE_ONLY___ ═
2024-07-23 13:20:54,614 INFO     ___FILE_ONLY___ ═
2024-07-23 13:20:54,614 INFO     ___FILE_ONLY___ ╝

2024-07-23 13:20:54,616 INFO     ___FILE_ONLY___ ╔════════════════════════════════════════════════════════════╗

2024-07-23 13:20:54,616 INFO     ___FILE_ONLY___ ╠═ Downloading: Cloud Storage Command Line Tool (Platfor... ═╣

2024-07-23 13:20:54,616 INFO     ___FILE_ONLY___ ╚
2024-07-23 13:20:54,620 DEBUG    urllib3.connectionpool Starting new HTTPS connection (1): dl.google.com:443
2024-07-23 13:20:54,734 DEBUG    urllib3.connectionpool https://dl.google.com:443 "GET /dl/cloudsdk/channels/rapid/components/google-cloud-sdk-gsutil-nix-20240106004423.tar.gz HTTP/1.1" 200 2042
2024-07-23 13:20:54,735 INFO     ___FILE_ONLY___ ════════════════════════════════════════════════════════════
2024-07-23 13:20:54,735 INFO     ___FILE_ONLY___ ╝

2024-07-23 13:20:54,737 INFO     ___FILE_ONLY___ ╔════════════════════════════════════════════════════════════╗

2024-07-23 13:20:54,737 INFO     ___FILE_ONLY___ ╠═ Downloading: Default set of gcloud commands              ═╣

2024-07-23 13:20:54,737 INFO     ___FILE_ONLY___ ╚
2024-07-23 13:20:54,738 INFO     ___FILE_ONLY___ ════════════════════════════════════════════════════════════
2024-07-23 13:20:54,738 INFO     ___FILE_ONLY___ ╝

2024-07-23 13:20:54,739 INFO     ___FILE_ONLY___ ╔════════════════════════════════════════════════════════════╗

2024-07-23 13:20:54,739 INFO     ___FILE_ONLY___ ╠═ Downloading: Google Cloud CLI Core Libraries (Platfor... ═╣

2024-07-23 13:20:54,740 INFO     ___FILE_ONLY___ ╚
2024-07-23 13:20:54,743 DEBUG    urllib3.connectionpool Starting new HTTPS connection (1): dl.google.com:443
2024-07-23 13:20:54,811 DEBUG    urllib3.connectionpool https://dl.google.com:443 "GET /dl/cloudsdk/channels/rapid/components/google-cloud-sdk-core-nix-20240106004423.tar.gz HTTP/1.1" 200 2410
2024-07-23 13:20:54,812 INFO     ___FILE_ONLY___ ════════════════════════════════════════════════════════════
2024-07-23 13:20:54,812 INFO     ___FILE_ONLY___ ╝

2024-07-23 13:20:54,814 INFO     ___FILE_ONLY___ ╔════════════════════════════════════════════════════════════╗

2024-07-23 13:20:54,814 INFO     ___FILE_ONLY___ ╠═ Downloading: Google Cloud CRC32C Hash Tool               ═╣

2024-07-23 13:20:54,814 INFO     ___FILE_ONLY___ ╚
2024-07-23 13:20:54,814 INFO     ___FILE_ONLY___ ════════════════════════════════════════════════════════════
2024-07-23 13:20:54,814 INFO     ___FILE_ONLY___ ╝

2024-07-23 13:20:54,816 INFO     ___FILE_ONLY___ ╔════════════════════════════════════════════════════════════╗

2024-07-23 13:20:54,816 INFO     ___FILE_ONLY___ ╠═ Downloading: Google Cloud CRC32C Hash Tool (Platform ... ═╣

2024-07-23 13:20:54,816 INFO     ___FILE_ONLY___ ╚
2024-07-23 13:20:54,826 DEBUG    urllib3.connectionpool Starting new HTTPS connection (1): dl.google.com:443
2024-07-23 13:20:54,943 DEBUG    urllib3.connectionpool https://dl.google.com:443 "GET /dl/cloudsdk/channels/rapid/components/google-cloud-sdk-gcloud-crc32c-linux-x86_64-20240712142834.tar.gz HTTP/1.1" 200 1350263
2024-07-23 13:20:54,952 INFO     ___FILE_ONLY___ ═
2024-07-23 13:20:54,953 INFO     ___FILE_ONLY___ ═
2024-07-23 13:20:54,953 INFO     ___FILE_ONLY___ ═
2024-07-23 13:20:54,953 INFO     ___FILE_ONLY___ ═
2024-07-23 13:20:54,953 INFO     ___FILE_ONLY___ ═
2024-07-23 13:20:54,953 INFO     ___FILE_ONLY___ ═
2024-07-23 13:20:54,953 INFO     ___FILE_ONLY___ ═
2024-07-23 13:20:54,953 INFO     ___FILE_ONLY___ ═
2024-07-23 13:20:54,953 INFO     ___FILE_ONLY___ ═
2024-07-23 13:20:54,953 INFO     ___FILE_ONLY___ ═
2024-07-23 13:20:54,954 INFO     ___FILE_ONLY___ ═
2024-07-23 13:20:54,954 INFO     ___FILE_ONLY___ ═
2024-07-23 13:20:54,954 INFO     ___FILE_ONLY___ ═
2024-07-23 13:20:54,954 INFO     ___FILE_ONLY___ ═
2024-07-23 13:20:54,954 INFO     ___FILE_ONLY___ ═
2024-07-23 13:20:54,954 INFO     ___FILE_ONLY___ ═
2024-07-23 13:20:54,954 INFO     ___FILE_ONLY___ ═
2024-07-23 13:20:54,954 INFO     ___FILE_ONLY___ ═
2024-07-23 13:20:54,954 INFO     ___FILE_ONLY___ ═
2024-07-23 13:20:54,954 INFO     ___FILE_ONLY___ ═
2024-07-23 13:20:54,954 INFO     ___FILE_ONLY___ ═
2024-07-23 13:20:54,955 INFO     ___FILE_ONLY___ ═
2024-07-23 13:20:54,955 INFO     ___FILE_ONLY___ ═
2024-07-23 13:20:54,955 INFO     ___FILE_ONLY___ ═
2024-07-23 13:20:54,955 INFO     ___FILE_ONLY___ ═
2024-07-23 13:20:54,955 INFO     ___FILE_ONLY___ ═
2024-07-23 13:20:54,955 INFO     ___FILE_ONLY___ ═
2024-07-23 13:20:54,955 INFO     ___FILE_ONLY___ ═
2024-07-23 13:20:54,955 INFO     ___FILE_ONLY___ ═
2024-07-23 13:20:54,955 INFO     ___FILE_ONLY___ ═
2024-07-23 13:20:54,955 INFO     ___FILE_ONLY___ ═
2024-07-23 13:20:54,955 INFO     ___FILE_ONLY___ ═
2024-07-23 13:20:54,956 INFO     ___FILE_ONLY___ ═
2024-07-23 13:20:54,956 INFO     ___FILE_ONLY___ ═
2024-07-23 13:20:54,956 INFO     ___FILE_ONLY___ ═
2024-07-23 13:20:54,956 INFO     ___FILE_ONLY___ ═
2024-07-23 13:20:54,956 INFO     ___FILE_ONLY___ ═
2024-07-23 13:20:54,956 INFO     ___FILE_ONLY___ ═
2024-07-23 13:20:54,956 INFO     ___FILE_ONLY___ ═
2024-07-23 13:20:54,956 INFO     ___FILE_ONLY___ ═
2024-07-23 13:20:54,956 INFO     ___FILE_ONLY___ ═
2024-07-23 13:20:54,956 INFO     ___FILE_ONLY___ ═
2024-07-23 13:20:54,956 INFO     ___FILE_ONLY___ ═
2024-07-23 13:20:54,957 INFO     ___FILE_ONLY___ ═
2024-07-23 13:20:54,957 INFO     ___FILE_ONLY___ ═
2024-07-23 13:20:54,957 INFO     ___FILE_ONLY___ ═
2024-07-23 13:20:54,957 INFO     ___FILE_ONLY___ ═
2024-07-23 13:20:54,957 INFO     ___FILE_ONLY___ ═
2024-07-23 13:20:54,957 INFO     ___FILE_ONLY___ ═
2024-07-23 13:20:54,957 INFO     ___FILE_ONLY___ ═
2024-07-23 13:20:54,957 INFO     ___FILE_ONLY___ ═
2024-07-23 13:20:54,957 INFO     ___FILE_ONLY___ ═
2024-07-23 13:20:54,957 INFO     ___FILE_ONLY___ ═
2024-07-23 13:20:54,957 INFO     ___FILE_ONLY___ ═
2024-07-23 13:20:54,958 INFO     ___FILE_ONLY___ ═
2024-07-23 13:20:54,958 INFO     ___FILE_ONLY___ ═
2024-07-23 13:20:54,958 INFO     ___FILE_ONLY___ ═
2024-07-23 13:20:54,958 INFO     ___FILE_ONLY___ ═
2024-07-23 13:20:54,958 INFO     ___FILE_ONLY___ ═
2024-07-23 13:20:54,958 INFO     ___FILE_ONLY___ ═
2024-07-23 13:20:54,958 INFO     ___FILE_ONLY___ ╝

2024-07-23 13:20:54,960 INFO     ___FILE_ONLY___ ╔════════════════════════════════════════════════════════════╗

2024-07-23 13:20:54,960 INFO     ___FILE_ONLY___ ╠═ Downloading: gcloud cli dependencies (Platform Specific) ═╣

2024-07-23 13:20:54,960 INFO     ___FILE_ONLY___ ╚
2024-07-23 13:20:54,964 DEBUG    urllib3.connectionpool Starting new HTTPS connection (1): dl.google.com:443
2024-07-23 13:20:55,079 DEBUG    urllib3.connectionpool https://dl.google.com:443 "GET /dl/cloudsdk/channels/rapid/components/google-cloud-sdk-gcloud-deps-linux-x86_64-20210416153011.tar.gz HTTP/1.1" 200 104
2024-07-23 13:20:55,080 INFO     ___FILE_ONLY___ ════════════════════════════════════════════════════════════
2024-07-23 13:20:55,080 INFO     ___FILE_ONLY___ ╝

2024-07-23 13:20:55,082 INFO     ___FILE_ONLY___ ╔════════════════════════════════════════════════════════════╗

2024-07-23 13:20:55,082 INFO     ___FILE_ONLY___ ╠═ Installing: BigQuery Command Line Tool                   ═╣

2024-07-23 13:20:55,083 INFO     ___FILE_ONLY___ ╚
2024-07-23 13:20:55,205 INFO     ___FILE_ONLY___ ═
2024-07-23 13:20:55,208 INFO     ___FILE_ONLY___ ═
2024-07-23 13:20:55,211 INFO     ___FILE_ONLY___ ═
2024-07-23 13:20:55,214 INFO     ___FILE_ONLY___ ═
2024-07-23 13:20:55,216 INFO     ___FILE_ONLY___ ═
2024-07-23 13:20:55,218 INFO     ___FILE_ONLY___ ═
2024-07-23 13:20:55,221 INFO     ___FILE_ONLY___ ═
2024-07-23 13:20:55,223 INFO     ___FILE_ONLY___ ═
2024-07-23 13:20:55,225 INFO     ___FILE_ONLY___ ═
2024-07-23 13:20:55,227 INFO     ___FILE_ONLY___ ═
2024-07-23 13:20:55,229 INFO     ___FILE_ONLY___ ═
2024-07-23 13:20:55,231 INFO     ___FILE_ONLY___ ═
2024-07-23 13:20:55,234 INFO     ___FILE_ONLY___ ═
2024-07-23 13:20:55,236 INFO     ___FILE_ONLY___ ═
2024-07-23 13:20:55,239 INFO     ___FILE_ONLY___ ═
2024-07-23 13:20:55,240 INFO     ___FILE_ONLY___ ═
2024-07-23 13:20:55,243 INFO     ___FILE_ONLY___ ═
2024-07-23 13:20:55,246 INFO     ___FILE_ONLY___ ═
2024-07-23 13:20:55,248 INFO     ___FILE_ONLY___ ═
2024-07-23 13:20:55,251 INFO     ___FILE_ONLY___ ═
2024-07-23 13:20:55,253 INFO     ___FILE_ONLY___ ═
2024-07-23 13:20:55,255 INFO     ___FILE_ONLY___ ═
2024-07-23 13:20:55,256 INFO     ___FILE_ONLY___ ═
2024-07-23 13:20:55,258 INFO     ___FILE_ONLY___ ═
2024-07-23 13:20:55,261 INFO     ___FILE_ONLY___ ═
2024-07-23 13:20:55,263 INFO     ___FILE_ONLY___ ═
2024-07-23 13:20:55,265 INFO     ___FILE_ONLY___ ═
2024-07-23 13:20:55,269 INFO     ___FILE_ONLY___ ═
2024-07-23 13:20:55,271 INFO     ___FILE_ONLY___ ═
2024-07-23 13:20:55,273 INFO     ___FILE_ONLY___ ═
2024-07-23 13:20:55,275 INFO     ___FILE_ONLY___ ═
2024-07-23 13:20:55,278 INFO     ___FILE_ONLY___ ═
2024-07-23 13:20:55,280 INFO     ___FILE_ONLY___ ═
2024-07-23 13:20:55,284 INFO     ___FILE_ONLY___ ═
2024-07-23 13:20:55,292 INFO     ___FILE_ONLY___ ═
2024-07-23 13:20:55,294 INFO     ___FILE_ONLY___ ═
2024-07-23 13:20:55,297 INFO     ___FILE_ONLY___ ═
2024-07-23 13:20:55,301 INFO     ___FILE_ONLY___ ═
2024-07-23 13:20:55,304 INFO     ___FILE_ONLY___ ═
2024-07-23 13:20:55,306 INFO     ___FILE_ONLY___ ═
2024-07-23 13:20:55,308 INFO     ___FILE_ONLY___ ═
2024-07-23 13:20:55,312 INFO     ___FILE_ONLY___ ═
2024-07-23 13:20:55,315 INFO     ___FILE_ONLY___ ═
2024-07-23 13:20:55,318 INFO     ___FILE_ONLY___ ═
2024-07-23 13:20:55,320 INFO     ___FILE_ONLY___ ═
2024-07-23 13:20:55,322 INFO     ___FILE_ONLY___ ═
2024-07-23 13:20:55,324 INFO     ___FILE_ONLY___ ═
2024-07-23 13:20:55,326 INFO     ___FILE_ONLY___ ═
2024-07-23 13:20:55,329 INFO     ___FILE_ONLY___ ═
2024-07-23 13:20:55,331 INFO     ___FILE_ONLY___ ═
2024-07-23 13:20:55,332 INFO     ___FILE_ONLY___ ═
2024-07-23 13:20:55,335 INFO     ___FILE_ONLY___ ═
2024-07-23 13:20:55,337 INFO     ___FILE_ONLY___ ═
2024-07-23 13:20:55,339 INFO     ___FILE_ONLY___ ═
2024-07-23 13:20:55,341 INFO     ___FILE_ONLY___ ═
2024-07-23 13:20:55,343 INFO     ___FILE_ONLY___ ═
2024-07-23 13:20:55,345 INFO     ___FILE_ONLY___ ═
2024-07-23 13:20:55,347 INFO     ___FILE_ONLY___ ═
2024-07-23 13:20:55,349 INFO     ___FILE_ONLY___ ═
2024-07-23 13:20:55,352 INFO     ___FILE_ONLY___ ═
2024-07-23 13:20:55,352 INFO     ___FILE_ONLY___ ╝

2024-07-23 13:20:55,364 INFO     ___FILE_ONLY___ ╔════════════════════════════════════════════════════════════╗

2024-07-23 13:20:55,364 INFO     ___FILE_ONLY___ ╠═ Installing: BigQuery Command Line Tool (Platform Spec... ═╣

2024-07-23 13:20:55,364 INFO     ___FILE_ONLY___ ╚
2024-07-23 13:20:55,365 INFO     ___FILE_ONLY___ ════════════════════════════════════════════════════════════
2024-07-23 13:20:55,365 INFO     ___FILE_ONLY___ ╝

2024-07-23 13:20:55,371 INFO     ___FILE_ONLY___ ╔════════════════════════════════════════════════════════════╗

2024-07-23 13:20:55,371 INFO     ___FILE_ONLY___ ╠═ Installing: Bundled Python 3.11                          ═╣

2024-07-23 13:20:55,371 INFO     ___FILE_ONLY___ ╚
2024-07-23 13:20:55,375 INFO     ___FILE_ONLY___ ════════════════════════════════════════════════════════════
2024-07-23 13:20:55,376 INFO     ___FILE_ONLY___ ╝

2024-07-23 13:20:55,377 INFO     ___FILE_ONLY___ ╔════════════════════════════════════════════════════════════╗

2024-07-23 13:20:55,377 INFO     ___FILE_ONLY___ ╠═ Installing: Bundled Python 3.11 (Platform Specific)      ═╣

2024-07-23 13:20:55,377 INFO     ___FILE_ONLY___ ╚
2024-07-23 13:20:57,554 INFO     ___FILE_ONLY___ ═
2024-07-23 13:20:57,566 INFO     ___FILE_ONLY___ ═
2024-07-23 13:20:57,579 INFO     ___FILE_ONLY___ ═
2024-07-23 13:20:57,591 INFO     ___FILE_ONLY___ ═
2024-07-23 13:20:57,604 INFO     ___FILE_ONLY___ ═
2024-07-23 13:20:57,616 INFO     ___FILE_ONLY___ ═
2024-07-23 13:20:57,629 INFO     ___FILE_ONLY___ ═
2024-07-23 13:20:57,642 INFO     ___FILE_ONLY___ ═
2024-07-23 13:20:57,654 INFO     ___FILE_ONLY___ ═
2024-07-23 13:20:57,667 INFO     ___FILE_ONLY___ ═
2024-07-23 13:20:57,679 INFO     ___FILE_ONLY___ ═
2024-07-23 13:20:57,692 INFO     ___FILE_ONLY___ ═
2024-07-23 13:20:57,703 INFO     ___FILE_ONLY___ ═
2024-07-23 13:20:57,716 INFO     ___FILE_ONLY___ ═
2024-07-23 13:20:57,727 INFO     ___FILE_ONLY___ ═
2024-07-23 13:20:57,740 INFO     ___FILE_ONLY___ ═
2024-07-23 13:20:57,752 INFO     ___FILE_ONLY___ ═
2024-07-23 13:20:57,764 INFO     ___FILE_ONLY___ ═
2024-07-23 13:20:57,777 INFO     ___FILE_ONLY___ ═
2024-07-23 13:20:57,788 INFO     ___FILE_ONLY___ ═
2024-07-23 13:20:57,800 INFO     ___FILE_ONLY___ ═
2024-07-23 13:20:57,813 INFO     ___FILE_ONLY___ ═
2024-07-23 13:20:57,825 INFO     ___FILE_ONLY___ ═
2024-07-23 13:20:57,837 INFO     ___FILE_ONLY___ ═
2024-07-23 13:20:57,849 INFO     ___FILE_ONLY___ ═
2024-07-23 13:20:57,861 INFO     ___FILE_ONLY___ ═
2024-07-23 13:20:57,873 INFO     ___FILE_ONLY___ ═
2024-07-23 13:20:57,886 INFO     ___FILE_ONLY___ ═
2024-07-23 13:20:57,899 INFO     ___FILE_ONLY___ ═
2024-07-23 13:20:57,911 INFO     ___FILE_ONLY___ ═
2024-07-23 13:20:57,924 INFO     ___FILE_ONLY___ ═
2024-07-23 13:20:57,937 INFO     ___FILE_ONLY___ ═
2024-07-23 13:20:57,949 INFO     ___FILE_ONLY___ ═
2024-07-23 13:20:57,963 INFO     ___FILE_ONLY___ ═
2024-07-23 13:20:58,324 INFO     ___FILE_ONLY___ ═
2024-07-23 13:20:58,348 INFO     ___FILE_ONLY___ ═
2024-07-23 13:20:58,365 INFO     ___FILE_ONLY___ ═
2024-07-23 13:20:58,384 INFO     ___FILE_ONLY___ ═
2024-07-23 13:20:58,404 INFO     ___FILE_ONLY___ ═
2024-07-23 13:20:58,434 INFO     ___FILE_ONLY___ ═
2024-07-23 13:20:58,454 INFO     ___FILE_ONLY___ ═
2024-07-23 13:20:58,473 INFO     ___FILE_ONLY___ ═
2024-07-23 13:20:58,492 INFO     ___FILE_ONLY___ ═
2024-07-23 13:20:58,627 INFO     ___FILE_ONLY___ ═
2024-07-23 13:20:58,643 INFO     ___FILE_ONLY___ ═
2024-07-23 13:20:58,732 INFO     ___FILE_ONLY___ ═
2024-07-23 13:20:58,750 INFO     ___FILE_ONLY___ ═
2024-07-23 13:20:58,771 INFO     ___FILE_ONLY___ ═
2024-07-23 13:20:58,789 INFO     ___FILE_ONLY___ ═
2024-07-23 13:20:58,812 INFO     ___FILE_ONLY___ ═
2024-07-23 13:20:58,836 INFO     ___FILE_ONLY___ ═
2024-07-23 13:20:58,879 INFO     ___FILE_ONLY___ ═
2024-07-23 13:20:58,897 INFO     ___FILE_ONLY___ ═
2024-07-23 13:20:58,915 INFO     ___FILE_ONLY___ ═
2024-07-23 13:20:58,936 INFO     ___FILE_ONLY___ ═
2024-07-23 13:20:58,959 INFO     ___FILE_ONLY___ ═
2024-07-23 13:20:58,987 INFO     ___FILE_ONLY___ ═
2024-07-23 13:21:00,063 INFO     ___FILE_ONLY___ ═
2024-07-23 13:21:00,077 INFO     ___FILE_ONLY___ ═
2024-07-23 13:21:00,092 INFO     ___FILE_ONLY___ ═
2024-07-23 13:21:00,092 INFO     ___FILE_ONLY___ ╝

2024-07-23 13:21:00,169 INFO     ___FILE_ONLY___ ╔════════════════════════════════════════════════════════════╗

2024-07-23 13:21:00,169 INFO     ___FILE_ONLY___ ╠═ Installing: Cloud Storage Command Line Tool              ═╣

2024-07-23 13:21:00,169 INFO     ___FILE_ONLY___ ╚
2024-07-23 13:21:00,847 INFO     ___FILE_ONLY___ ═
2024-07-23 13:21:00,859 INFO     ___FILE_ONLY___ ═
2024-07-23 13:21:00,872 INFO     ___FILE_ONLY___ ═
2024-07-23 13:21:00,891 INFO     ___FILE_ONLY___ ═
2024-07-23 13:21:00,907 INFO     ___FILE_ONLY___ ═
2024-07-23 13:21:00,923 INFO     ___FILE_ONLY___ ═
2024-07-23 13:21:00,937 INFO     ___FILE_ONLY___ ═
2024-07-23 13:21:00,959 INFO     ___FILE_ONLY___ ═
2024-07-23 13:21:00,972 INFO     ___FILE_ONLY___ ═
2024-07-23 13:21:00,982 INFO     ___FILE_ONLY___ ═
2024-07-23 13:21:00,993 INFO     ___FILE_ONLY___ ═
2024-07-23 13:21:01,032 INFO     ___FILE_ONLY___ ═
2024-07-23 13:21:01,042 INFO     ___FILE_ONLY___ ═
2024-07-23 13:21:01,055 INFO     ___FILE_ONLY___ ═
2024-07-23 13:21:01,067 INFO     ___FILE_ONLY___ ═
2024-07-23 13:21:01,076 INFO     ___FILE_ONLY___ ═
2024-07-23 13:21:01,085 INFO     ___FILE_ONLY___ ═
2024-07-23 13:21:01,096 INFO     ___FILE_ONLY___ ═
2024-07-23 13:21:01,104 INFO     ___FILE_ONLY___ ═
2024-07-23 13:21:01,115 INFO     ___FILE_ONLY___ ═
2024-07-23 13:21:01,125 INFO     ___FILE_ONLY___ ═
2024-07-23 13:21:01,134 INFO     ___FILE_ONLY___ ═
2024-07-23 13:21:01,144 INFO     ___FILE_ONLY___ ═
2024-07-23 13:21:01,156 INFO     ___FILE_ONLY___ ═
2024-07-23 13:21:01,166 INFO     ___FILE_ONLY___ ═
2024-07-23 13:21:01,178 INFO     ___FILE_ONLY___ ═
2024-07-23 13:21:01,191 INFO     ___FILE_ONLY___ ═
2024-07-23 13:21:01,204 INFO     ___FILE_ONLY___ ═
2024-07-23 13:21:01,216 INFO     ___FILE_ONLY___ ═
2024-07-23 13:21:01,234 INFO     ___FILE_ONLY___ ═
2024-07-23 13:21:01,245 INFO     ___FILE_ONLY___ ═
2024-07-23 13:21:01,257 INFO     ___FILE_ONLY___ ═
2024-07-23 13:21:01,267 INFO     ___FILE_ONLY___ ═
2024-07-23 13:21:01,283 INFO     ___FILE_ONLY___ ═
2024-07-23 13:21:01,293 INFO     ___FILE_ONLY___ ═
2024-07-23 13:21:01,305 INFO     ___FILE_ONLY___ ═
2024-07-23 13:21:01,320 INFO     ___FILE_ONLY___ ═
2024-07-23 13:21:01,335 INFO     ___FILE_ONLY___ ═
2024-07-23 13:21:01,350 INFO     ___FILE_ONLY___ ═
2024-07-23 13:21:01,368 INFO     ___FILE_ONLY___ ═
2024-07-23 13:21:01,381 INFO     ___FILE_ONLY___ ═
2024-07-23 13:21:01,393 INFO     ___FILE_ONLY___ ═
2024-07-23 13:21:01,404 INFO     ___FILE_ONLY___ ═
2024-07-23 13:21:01,417 INFO     ___FILE_ONLY___ ═
2024-07-23 13:21:01,431 INFO     ___FILE_ONLY___ ═
2024-07-23 13:21:01,446 INFO     ___FILE_ONLY___ ═
2024-07-23 13:21:01,461 INFO     ___FILE_ONLY___ ═
2024-07-23 13:21:01,473 INFO     ___FILE_ONLY___ ═
2024-07-23 13:21:01,488 INFO     ___FILE_ONLY___ ═
2024-07-23 13:21:01,500 INFO     ___FILE_ONLY___ ═
2024-07-23 13:21:01,510 INFO     ___FILE_ONLY___ ═
2024-07-23 13:21:01,521 INFO     ___FILE_ONLY___ ═
2024-07-23 13:21:01,532 INFO     ___FILE_ONLY___ ═
2024-07-23 13:21:01,542 INFO     ___FILE_ONLY___ ═
2024-07-23 13:21:01,553 INFO     ___FILE_ONLY___ ═
2024-07-23 13:21:01,567 INFO     ___FILE_ONLY___ ═
2024-07-23 13:21:01,576 INFO     ___FILE_ONLY___ ═
2024-07-23 13:21:01,597 INFO     ___FILE_ONLY___ ═
2024-07-23 13:21:01,613 INFO     ___FILE_ONLY___ ═
2024-07-23 13:21:01,631 INFO     ___FILE_ONLY___ ═
2024-07-23 13:21:01,631 INFO     ___FILE_ONLY___ ╝

2024-07-23 13:21:01,683 INFO     ___FILE_ONLY___ ╔════════════════════════════════════════════════════════════╗

2024-07-23 13:21:01,683 INFO     ___FILE_ONLY___ ╠═ Installing: Cloud Storage Command Line Tool (Platform... ═╣

2024-07-23 13:21:01,683 INFO     ___FILE_ONLY___ ╚
2024-07-23 13:21:01,684 INFO     ___FILE_ONLY___ ════════════════════════════════════════════════════════════
2024-07-23 13:21:01,684 INFO     ___FILE_ONLY___ ╝

2024-07-23 13:21:01,690 INFO     ___FILE_ONLY___ ╔════════════════════════════════════════════════════════════╗

2024-07-23 13:21:01,690 INFO     ___FILE_ONLY___ ╠═ Installing: Default set of gcloud commands               ═╣

2024-07-23 13:21:01,691 INFO     ___FILE_ONLY___ ╚
2024-07-23 13:21:01,695 INFO     ___FILE_ONLY___ ════════════════════════════════════════════════════════════
2024-07-23 13:21:01,695 INFO     ___FILE_ONLY___ ╝

2024-07-23 13:21:01,697 INFO     ___FILE_ONLY___ ╔════════════════════════════════════════════════════════════╗

2024-07-23 13:21:01,697 INFO     ___FILE_ONLY___ ╠═ Installing: Google Cloud CLI Core Libraries (Platform... ═╣

2024-07-23 13:21:01,697 INFO     ___FILE_ONLY___ ╚
2024-07-23 13:21:01,698 INFO     ___FILE_ONLY___ ══════════════════════════════
2024-07-23 13:21:01,698 INFO     ___FILE_ONLY___ ══════════════════════════════
2024-07-23 13:21:01,699 INFO     ___FILE_ONLY___ ╝

2024-07-23 13:21:01,704 INFO     ___FILE_ONLY___ ╔════════════════════════════════════════════════════════════╗

2024-07-23 13:21:01,705 INFO     ___FILE_ONLY___ ╠═ Installing: Google Cloud CRC32C Hash Tool                ═╣

2024-07-23 13:21:01,705 INFO     ___FILE_ONLY___ ╚
2024-07-23 13:21:01,709 INFO     ___FILE_ONLY___ ════════════════════════════════════════════════════════════
2024-07-23 13:21:01,709 INFO     ___FILE_ONLY___ ╝

2024-07-23 13:21:01,711 INFO     ___FILE_ONLY___ ╔════════════════════════════════════════════════════════════╗

2024-07-23 13:21:01,711 INFO     ___FILE_ONLY___ ╠═ Installing: Google Cloud CRC32C Hash Tool (Platform S... ═╣

2024-07-23 13:21:01,711 INFO     ___FILE_ONLY___ ╚
2024-07-23 13:21:01,746 INFO     ___FILE_ONLY___ ══════════════════════════════
2024-07-23 13:21:01,747 INFO     ___FILE_ONLY___ ══════════════════════════════
2024-07-23 13:21:01,747 INFO     ___FILE_ONLY___ ╝

2024-07-23 13:21:01,754 INFO     ___FILE_ONLY___ ╔════════════════════════════════════════════════════════════╗

2024-07-23 13:21:01,754 INFO     ___FILE_ONLY___ ╠═ Installing: gcloud cli dependencies (Platform Specific)  ═╣

2024-07-23 13:21:01,754 INFO     ___FILE_ONLY___ ╚
2024-07-23 13:21:01,754 INFO     ___FILE_ONLY___ ════════════════════════════════════════════════════════════
2024-07-23 13:21:01,754 INFO     ___FILE_ONLY___ ╝

2024-07-23 13:21:01,762 DEBUG    root            Updating notification cache...
2024-07-23 13:21:01,762 INFO     ___FILE_ONLY___ 

2024-07-23 13:21:01,764 INFO     ___FILE_ONLY___ Performing post processing steps...
2024-07-23 13:21:01,765 DEBUG    root            Executing command: ['/tools/google-cloud-sdk/bin/gcloud', 'components', 'post-process']
2024-07-23 13:21:11,240 DEBUG    ___FILE_ONLY___ 
2024-07-23 13:21:11,240 DEBUG    ___FILE_ONLY___ 
2024-07-23 13:21:11,278 INFO     ___FILE_ONLY___ 
Update done!


2024-07-23 13:21:11,281 DEBUG    root            Chosen display Format:none
2024-07-23 13:21:11,281 INFO     root            Display format: "none"
